<?xml version="1.0" encoding="UTF-8"?>
<!-- Generated by org.testng.reporters.JUnitReportReporter -->
<testsuite hostname="alonso" failures="0" tests="4" name="FizzBuzzTest" time="0.046" errors="0" timestamp="2020-09-09T10:07:05 PET" skipped="0">
  <testcase classname="FizzBuzzTest" name="testCase0" time="0.036"/>
  <testcase classname="FizzBuzzTest" name="testCase2" time="0.001"/>
  <testcase classname="FizzBuzzTest" name="testCase1" time="0.004"/>
  <testcase classname="FizzBuzzTest" name="testCase3" time="0.005"/>
</testsuite> <!-- FizzBuzzTest -->
